<?xml version="1.0" encoding="UTF-8"?>
<!-- Generated by org.testng.reporters.JUnitReportReporter -->
<testsuite hostname="asus" failures="0" tests="4" name="com.paragon.MainTest" time="25.345" errors="0" timestamp="2024-07-28T17:42:44 IST" skipped="0">
  <testcase classname="com.paragon.MainTest" name="verfyLogin" time="11.474"/>
  <system-out/>
  <testcase classname="com.paragon.MainTest" name="verifyText" time="0.031"/>
  <system-out/>
  <testcase classname="com.paragon.MainTest" name="searchProductByText" time="4.237"/>
  <system-out/>
  <testcase classname="com.paragon.MainTest" name="addTocartAndIncreasetheQty" time="9.603"/>
  <system-out/>
</testsuite> <!-- com.paragon.MainTest -->
